<?xml version="1.0" encoding="UTF-8"?>
<!-- Generated by org.testng.reporters.JUnitReportReporter -->
<testsuite skipped="0" hostname="LAPTOP-VQNA19QV" name="asses1.project1" tests="4" failures="0" timestamp="12 Aug 2023 09:32:30 GMT" time="75.117" errors="0">
  <testcase name="test2" time="9.809" classname="asses1.project1"/>
  <testcase name="test1" time="39.364" classname="asses1.project1"/>
  <testcase name="test3" time="7.942" classname="asses1.project1"/>
  <testcase name="test4" time="18.002" classname="asses1.project1"/>
</testsuite> <!-- asses1.project1 -->
